<?xml version="1.0" encoding="UTF-8"?>
<!-- Generated by org.testng.reporters.JUnitReportReporter -->
<testsuite hostname="LAPTOP-S1PMD99L" failures="0" tests="3" name="com.mindtree.runner.TestRunner" time="72.213" errors="0" timestamp="2022-01-16T14:37:37 IST" skipped="0">
  <testcase classname="com.mindtree.runner.TestRunner" name="runScenario" time="28.103"/>
  <testcase classname="com.mindtree.runner.TestRunner" name="runScenario" time="22.201"/>
  <testcase classname="com.mindtree.runner.TestRunner" name="runScenario" time="21.909"/>
</testsuite> <!-- com.mindtree.runner.TestRunner -->
